  utils.cpp
  strings.cpp
  Point2D.cpp
  Player.cpp
  NPC.cpp
c:\users\pablo\downloads\gamechallenge_3_ascii_roguelike\gamechallenge_3_ascii_roguelike\npc.cpp(59): warning C4473: 'sscanf_s' : not enough arguments passed for format string
  c:\users\pablo\downloads\gamechallenge_3_ascii_roguelike\gamechallenge_3_ascii_roguelike\npc.cpp(59): note: placeholders and their parameters expect 2 variadic arguments, but 1 were provided
  c:\users\pablo\downloads\gamechallenge_3_ascii_roguelike\gamechallenge_3_ascii_roguelike\npc.cpp(59): note: the missing variadic argument 2 is required by format string '%c'
  c:\users\pablo\downloads\gamechallenge_3_ascii_roguelike\gamechallenge_3_ascii_roguelike\npc.cpp(59): note: this argument is used as a buffer size
c:\users\pablo\downloads\gamechallenge_3_ascii_roguelike\gamechallenge_3_ascii_roguelike\npc.cpp(62): warning C4477: 'sscanf_s' : format string '%c' requires an argument of type 'char *', but variadic argument 1 has type 'int *'
  c:\users\pablo\downloads\gamechallenge_3_ascii_roguelike\gamechallenge_3_ascii_roguelike\npc.cpp(62): note: this argument is used by a conversion specifier
c:\users\pablo\downloads\gamechallenge_3_ascii_roguelike\gamechallenge_3_ascii_roguelike\npc.cpp(62): warning C4473: 'sscanf_s' : not enough arguments passed for format string
  c:\users\pablo\downloads\gamechallenge_3_ascii_roguelike\gamechallenge_3_ascii_roguelike\npc.cpp(62): note: placeholders and their parameters expect 2 variadic arguments, but 1 were provided
  c:\users\pablo\downloads\gamechallenge_3_ascii_roguelike\gamechallenge_3_ascii_roguelike\npc.cpp(62): note: the missing variadic argument 2 is required by format string '%c'
  c:\users\pablo\downloads\gamechallenge_3_ascii_roguelike\gamechallenge_3_ascii_roguelike\npc.cpp(62): note: this argument is used as a buffer size
c:\users\pablo\downloads\gamechallenge_3_ascii_roguelike\gamechallenge_3_ascii_roguelike\npc.cpp(65): warning C4477: 'sscanf_s' : format string '%c' requires an argument of type 'char *', but variadic argument 1 has type 'int *'
  c:\users\pablo\downloads\gamechallenge_3_ascii_roguelike\gamechallenge_3_ascii_roguelike\npc.cpp(65): note: this argument is used by a conversion specifier
c:\users\pablo\downloads\gamechallenge_3_ascii_roguelike\gamechallenge_3_ascii_roguelike\npc.cpp(65): warning C4473: 'sscanf_s' : not enough arguments passed for format string
  c:\users\pablo\downloads\gamechallenge_3_ascii_roguelike\gamechallenge_3_ascii_roguelike\npc.cpp(65): note: placeholders and their parameters expect 2 variadic arguments, but 1 were provided
  c:\users\pablo\downloads\gamechallenge_3_ascii_roguelike\gamechallenge_3_ascii_roguelike\npc.cpp(65): note: the missing variadic argument 2 is required by format string '%c'
  c:\users\pablo\downloads\gamechallenge_3_ascii_roguelike\gamechallenge_3_ascii_roguelike\npc.cpp(65): note: this argument is used as a buffer size
c:\users\pablo\downloads\gamechallenge_3_ascii_roguelike\gamechallenge_3_ascii_roguelike\npc.cpp(310): warning C4473: 'sscanf_s' : not enough arguments passed for format string
  c:\users\pablo\downloads\gamechallenge_3_ascii_roguelike\gamechallenge_3_ascii_roguelike\npc.cpp(310): note: placeholders and their parameters expect 2 variadic arguments, but 1 were provided
  c:\users\pablo\downloads\gamechallenge_3_ascii_roguelike\gamechallenge_3_ascii_roguelike\npc.cpp(310): note: the missing variadic argument 2 is required by format string '%c'
  c:\users\pablo\downloads\gamechallenge_3_ascii_roguelike\gamechallenge_3_ascii_roguelike\npc.cpp(310): note: this argument is used as a buffer size
  Map.cpp
  main.cpp
  Item.cpp
  Inventory.cpp
  Game.cpp
  Equipment.cpp
  Enemy.cpp
c:\users\pablo\downloads\gamechallenge_3_ascii_roguelike\gamechallenge_3_ascii_roguelike\enemy.cpp(211): warning C4473: 'sscanf_s' : not enough arguments passed for format string
  c:\users\pablo\downloads\gamechallenge_3_ascii_roguelike\gamechallenge_3_ascii_roguelike\enemy.cpp(211): note: placeholders and their parameters expect 2 variadic arguments, but 1 were provided
  c:\users\pablo\downloads\gamechallenge_3_ascii_roguelike\gamechallenge_3_ascii_roguelike\enemy.cpp(211): note: the missing variadic argument 2 is required by format string '%c'
  c:\users\pablo\downloads\gamechallenge_3_ascii_roguelike\gamechallenge_3_ascii_roguelike\enemy.cpp(211): note: this argument is used as a buffer size
  Block.cpp
  Generating Code...
  GameChallenge_3_ASCII_Roguelike.vcxproj -> C:\Users\Pablo\Downloads\GameChallenge_3_ASCII_Roguelike\Debug\GameChallenge_3_ASCII_Roguelike.exe
